<?xml version="1.0" encoding="utf-8"?><testsuites name="pytest tests"><testsuite name="pytest" errors="0" failures="0" skipped="0" tests="14" time="7.688" timestamp="2026-02-24T22:55:09.279250+00:00" hostname="agent-env-da6b8e42-a97a-4c76-9b87-764566aca6c0"><testcase classname="backend.tests.test_feed_api.TestFeedAPIEndpoints" name="test_create_feed_consumption_layer_feed" time="0.488" /><testcase classname="backend.tests.test_feed_api.TestFeedAPIEndpoints" name="test_create_feed_purchase_with_cost" time="0.347" /><testcase classname="backend.tests.test_feed_api.TestFeedAPIEndpoints" name="test_create_feed_all_feed_types" time="2.176" /><testcase classname="backend.tests.test_feed_api.TestFeedAPIEndpoints" name="test_create_feed_invalid_feed_type" time="0.141" /><testcase classname="backend.tests.test_feed_api.TestFeedAPIEndpoints" name="test_get_feed_records_list" time="0.361" /><testcase classname="backend.tests.test_feed_api.TestFeedAPIEndpoints" name="test_get_feed_records_with_filters" time="0.491" /><testcase classname="backend.tests.test_feed_api.TestFeedAPIEndpoints" name="test_get_feed_inventory" time="0.112" /><testcase classname="backend.tests.test_feed_api.TestFeedAPIEndpoints" name="test_inventory_updates_on_purchase" time="0.540" /><testcase classname="backend.tests.test_feed_api.TestFeedAPIEndpoints" name="test_get_feed_statistics" time="0.142" /><testcase classname="backend.tests.test_feed_api.TestFeedAPIEndpoints" name="test_get_feed_statistics_different_periods" time="0.591" /><testcase classname="backend.tests.test_feed_api.TestFeedAPIEndpoints" name="test_delete_feed_record" time="0.381" /><testcase classname="backend.tests.test_feed_api.TestFeedAPIEndpoints" name="test_delete_nonexistent_record" time="0.142" /><testcase classname="backend.tests.test_feed_api.TestFeedAPIIntegration" name="test_full_feed_workflow" time="1.498" /><testcase classname="backend.tests.test_feed_api" name="test_api_health_check" time="0.171" /></testsuite></testsuites>