<?xml version="1.0" encoding="utf-8"?><testsuites name="pytest tests"><testsuite name="pytest" errors="0" failures="0" skipped="0" tests="9" time="7.363" timestamp="2026-02-25T15:56:30.536586+00:00" hostname="agent-env-8134bfd3-5624-4ee5-9075-4e7a51036daf"><testcase classname="backend.tests.test_gdpr_registration.TestGDPRRegistration" name="test_register_fails_without_terms_acceptance" time="0.171" /><testcase classname="backend.tests.test_gdpr_registration.TestGDPRRegistration" name="test_register_success_with_terms_acceptance" time="0.626" /><testcase classname="backend.tests.test_gdpr_registration.TestGDPRRegistration" name="test_register_with_marketing_consent" time="0.523" /><testcase classname="backend.tests.test_gdpr_registration.TestGDPRRegistration" name="test_register_without_marketing_consent" time="3.734" /><testcase classname="backend.tests.test_gdpr_registration.TestGDPRRegistration" name="test_duplicate_email_rejected" time="1.029" /><testcase classname="backend.tests.test_gdpr_registration.TestGDPRRegistration" name="test_short_password_rejected" time="0.191" /><testcase classname="backend.tests.test_gdpr_registration.TestAdminGDPRView" name="test_admin_check_endpoint" time="0.212" /><testcase classname="backend.tests.test_gdpr_registration.TestAdminGDPRView" name="test_admin_users_endpoint_requires_auth" time="0.109" /><testcase classname="backend.tests.test_gdpr_registration.TestGDPRConsentStorage" name="test_verify_consent_stored_after_registration" time="0.710" /></testsuite></testsuites>