<?xml version="1.0" encoding="utf-8"?><testsuites name="pytest tests"><testsuite name="pytest" errors="0" failures="0" skipped="0" tests="12" time="23.519" timestamp="2026-02-27T23:55:37.420795+00:00" hostname="agent-env-3711c66e-bf7a-4363-830d-115e604749bc"><testcase classname="backend.tests.test_final_verification.TestStatisticsSummary" name="test_statistics_summary_endpoint_accessible" time="2.642" /><testcase classname="backend.tests.test_final_verification.TestStatisticsSummary" name="test_statistics_summary_has_best_hen_week" time="1.544" /><testcase classname="backend.tests.test_final_verification.TestStatisticsSummary" name="test_statistics_summary_has_community_comparison" time="1.522" /><testcase classname="backend.tests.test_final_verification.TestStatisticsSummary" name="test_statistics_summary_other_fields" time="1.515" /><testcase classname="backend.tests.test_final_verification.TestHealthScores" name="test_health_scores_endpoint_accessible" time="1.776" /><testcase classname="backend.tests.test_final_verification.TestHealthScores" name="test_health_scores_response_structure" time="1.764" /><testcase classname="backend.tests.test_final_verification.TestHealthScores" name="test_individual_health_score_structure" time="1.813" /><testcase classname="backend.tests.test_final_verification.TestAIDailyReport" name="test_ai_daily_report_endpoint_accessible" time="1.878" /><testcase classname="backend.tests.test_final_verification.TestAIDailyReport" name="test_ai_daily_report_response_structure" time="1.876" /><testcase classname="backend.tests.test_final_verification.TestAIDailyReport" name="test_ai_daily_report_free_tier_fields" time="1.899" /><testcase classname="backend.tests.test_final_verification.TestFrontendUIFeatures" name="test_one_tap_egg_registration" time="3.893" /><testcase classname="backend.tests.test_final_verification.TestFrontendUIFeatures" name="test_statistics_trend_data" time="1.348" /></testsuite></testsuites>