<?xml version="1.0" encoding="utf-8"?><testsuites name="pytest tests"><testsuite name="pytest" errors="0" failures="0" skipped="0" tests="12" time="23.512" timestamp="2026-02-27T18:40:33.619412+00:00" hostname="agent-env-35040fa3-63e7-4253-a886-637b24b6d8eb"><testcase classname="tests.test_p1_hen_rooster_ai.TestHenTypeFeature" name="test_create_hen_default_type" time="1.329" /><testcase classname="tests.test_p1_hen_rooster_ai.TestHenTypeFeature" name="test_create_rooster_explicit_type" time="0.690" /><testcase classname="tests.test_p1_hen_rooster_ai.TestHenTypeFeature" name="test_update_hen_to_rooster" time="1.948" /><testcase classname="tests.test_p1_hen_rooster_ai.TestHenTypeFeature" name="test_get_hens_returns_hen_type" time="0.445" /><testcase classname="tests.test_p1_hen_rooster_ai.TestHenTypeFeature" name="test_flock_statistics_hen_rooster_count" time="0.452" /><testcase classname="tests.test_p1_hen_rooster_ai.TestAIDailyTip" name="test_daily_tip_requires_auth" time="0.109" /><testcase classname="tests.test_p1_hen_rooster_ai.TestAIDailyTip" name="test_daily_tip_for_logged_in_user" time="0.424" /><testcase classname="tests.test_p1_hen_rooster_ai.TestAskAgda" name="test_ask_agda_requires_auth" time="0.143" /><testcase classname="tests.test_p1_hen_rooster_ai.TestAskAgda" name="test_ask_agda_for_logged_in_user" time="11.734" /><testcase classname="tests.test_p1_hen_rooster_ai.TestPaywallPricing" name="test_premium_page_accessible" time="0.161" /><testcase classname="tests.test_p1_hen_rooster_ai.TestPaywallPricing" name="test_pricing_values" time="0.000" /><testcase classname="tests.test_p1_hen_rooster_ai.TestCleanup" name="test_cleanup_test_hens" time="6.010" /></testsuite></testsuites>