<?xml version="1.0" encoding="utf-8"?><testsuites name="pytest tests"><testsuite name="pytest" errors="0" failures="0" skipped="0" tests="8" time="1.024" timestamp="2026-03-04T11:16:39.520898+00:00" hostname="agent-env-d44330ca-6db4-4066-817e-7a7e7ba006b7"><testcase classname="backend.tests.test_iteration29_dashboard_modules.TestFeaturePreferencesEndpoints" name="test_get_feature_preferences_returns_200" time="0.409" /><testcase classname="backend.tests.test_iteration29_dashboard_modules.TestFeaturePreferencesEndpoints" name="test_get_feature_preferences_has_all_dashboard_keys" time="0.052" /><testcase classname="backend.tests.test_iteration29_dashboard_modules.TestDashboardModuleToggle" name="test_set_weather_false_persists" time="0.109" /><testcase classname="backend.tests.test_iteration29_dashboard_modules.TestDashboardModuleToggle" name="test_set_ai_analysis_false_persists" time="0.113" /><testcase classname="backend.tests.test_iteration29_dashboard_modules.TestDashboardModuleToggle" name="test_toggle_multiple_settings" time="0.055" /><testcase classname="backend.tests.test_iteration29_dashboard_modules.TestDashboardModuleToggle" name="test_toggle_setting_back_to_true" time="0.115" /><testcase classname="backend.tests.test_iteration29_dashboard_modules.TestDashboardModulesAvailableForAll" name="test_non_premium_can_change_dashboard_settings" time="0.057" /><testcase classname="backend.tests.test_iteration29_dashboard_modules.TestCleanup" name="test_reset_to_defaults" time="0.052" /></testsuite></testsuites>