<?xml version="1.0" encoding="utf-8"?><testsuites name="pytest tests"><testsuite name="pytest" errors="0" failures="0" skipped="0" tests="12" time="7.108" timestamp="2026-02-27T23:36:34.595824+00:00" hostname="agent-env-3711c66e-bf7a-4363-830d-115e604749bc"><testcase classname="backend.tests.test_ux_features.TestHealthEndpoint" name="test_health_check" time="0.670" /><testcase classname="backend.tests.test_ux_features.TestStatisticsSummary" name="test_summary_returns_streak" time="0.674" /><testcase classname="backend.tests.test_ux_features.TestHenHealthScores" name="test_health_scores_endpoint_exists" time="1.189" /><testcase classname="backend.tests.test_ux_features.TestEggRecords" name="test_add_egg_record_one_tap" time="0.566" /><testcase classname="backend.tests.test_ux_features.TestEggRecords" name="test_egg_list_with_7_day_filter" time="0.432" /><testcase classname="backend.tests.test_ux_features.TestEggRecords" name="test_egg_list_with_30_day_filter" time="0.430" /><testcase classname="backend.tests.test_ux_features.TestEggRecords" name="test_delete_egg_record_undo" time="0.435" /><testcase classname="backend.tests.test_ux_features.TestTodayStatistics" name="test_today_stats" time="0.687" /><testcase classname="backend.tests.test_ux_features.TestMonthlyStatistics" name="test_month_stats_with_daily_breakdown" time="0.689" /><testcase classname="backend.tests.test_ux_features.TestHensEndpoints" name="test_hens_list" time="0.422" /><testcase classname="backend.tests.test_ux_features.TestHensEndpoints" name="test_mark_hen_seen_today" time="0.435" /><testcase classname="backend.tests.test_ux_features.TestFinanceEconomy" name="test_transactions_list" time="0.426" /></testsuite></testsuites>