<?xml version="1.0" encoding="utf-8"?><testsuites name="pytest tests"><testsuite name="pytest" errors="0" failures="0" skipped="0" tests="10" time="1.860" timestamp="2026-03-04T08:54:16.431392+00:00" hostname="agent-env-d44330ca-6db4-4066-817e-7a7e7ba006b7"><testcase classname="backend.tests.test_iteration27_viral.TestViralFeatures" name="test_health_check" time="0.151" /><testcase classname="backend.tests.test_iteration27_viral.TestViralFeatures" name="test_flock_comparison_requires_auth" time="0.108" /><testcase classname="backend.tests.test_iteration27_viral.TestViralFeatures" name="test_flock_comparison_authenticated" time="0.421" /><testcase classname="backend.tests.test_iteration27_viral.TestViralFeatures" name="test_percentile_requires_auth" time="0.115" /><testcase classname="backend.tests.test_iteration27_viral.TestViralFeatures" name="test_percentile_authenticated" time="0.049" /><testcase classname="backend.tests.test_iteration27_viral.TestViralFeatures" name="test_leaderboard_requires_auth" time="0.124" /><testcase classname="backend.tests.test_iteration27_viral.TestViralFeatures" name="test_leaderboard_authenticated" time="0.057" /><testcase classname="backend.tests.test_iteration27_viral.TestViralFeatures" name="test_generate_image_requires_auth" time="0.121" /><testcase classname="backend.tests.test_iteration27_viral.TestViralFeatures" name="test_generate_image_authenticated" time="0.102" /><testcase classname="backend.tests.test_iteration27_viral.TestViralFeaturesDataIntegrity" name="test_add_egg_and_verify_flock_comparison" time="0.534" /></testsuite></testsuites>