<?xml version="1.0" encoding="utf-8"?><testsuites name="pytest tests"><testsuite name="pytest" errors="0" failures="0" skipped="0" tests="12" time="24.380" timestamp="2026-03-02T10:24:48.647541+00:00" hostname="agent-env-7f04a054-6e06-4b50-8c18-b8eefd0a0a3b"><testcase classname="backend.tests.test_iteration25_ai_features.TestAIHealth" name="test_ai_health_returns_ok" time="0.180" /><testcase classname="backend.tests.test_iteration25_ai_features.TestAuthentication" name="test_login_with_valid_credentials" time="1.864" /><testcase classname="backend.tests.test_iteration25_ai_features.TestAIDailyTip" name="test_daily_tip_returns_ok_true" time="1.234" /><testcase classname="backend.tests.test_iteration25_ai_features.TestAIDailyReport" name="test_daily_report_returns_ok_true" time="5.874" /><testcase classname="backend.tests.test_iteration25_ai_features.TestAIAdvisor" name="test_advisor_returns_ok_true" time="5.015" /><testcase classname="backend.tests.test_iteration25_ai_features.TestAIEggForecast" name="test_egg_forecast_returns_ok_true" time="1.510" /><testcase classname="backend.tests.test_iteration25_ai_features.TestDashboardAPIs" name="test_coop_settings_api" time="1.222" /><testcase classname="backend.tests.test_iteration25_ai_features.TestDashboardAPIs" name="test_statistics_today_api" time="1.487" /><testcase classname="backend.tests.test_iteration25_ai_features.TestDashboardAPIs" name="test_statistics_summary_api" time="1.725" /><testcase classname="backend.tests.test_iteration25_ai_features.TestDashboardAPIs" name="test_weather_api" time="1.775" /><testcase classname="backend.tests.test_iteration25_ai_features.TestDashboardAPIs" name="test_daily_chores_api" time="1.223" /><testcase classname="backend.tests.test_iteration25_ai_features.TestPremiumStatus" name="test_premium_status_is_active" time="1.202" /></testsuite></testsuites>