<?xml version="1.0" encoding="utf-8"?><testsuites name="pytest tests"><testsuite name="pytest" errors="0" failures="0" skipped="0" tests="5" time="3.888" timestamp="2026-03-02T22:44:14.747350+00:00" hostname="agent-env-c9095c56-8095-4566-9ea6-d2e38af5a8b0"><testcase classname="backend.tests.test_iteration26_safari.TestHealthAndBasicAPIs" name="test_health_endpoint" time="0.226" /><testcase classname="backend.tests.test_iteration26_safari.TestHealthAndBasicAPIs" name="test_ai_daily_tip_requires_auth" time="0.142" /><testcase classname="backend.tests.test_iteration26_safari.TestHealthAndBasicAPIs" name="test_ai_egg_forecast_requires_auth" time="0.125" /><testcase classname="backend.tests.test_iteration26_safari.TestAuthenticatedAIEndpoints" name="test_ai_daily_tip_authenticated" time="2.517" /><testcase classname="backend.tests.test_iteration26_safari.TestAuthenticatedAIEndpoints" name="test_ai_egg_forecast_authenticated" time="0.824" /></testsuite></testsuites>