<?xml version="1.0" encoding="utf-8"?><testsuites name="pytest tests"><testsuite name="pytest" errors="0" failures="0" skipped="10" tests="11" time="3.200" timestamp="2026-02-27T23:33:50.028409+00:00" hostname="agent-env-3711c66e-bf7a-4363-830d-115e604749bc"><testcase classname="backend.tests.test_ux_features.TestHealthEndpoint" name="test_health_check" time="2.617" /><testcase classname="backend.tests.test_ux_features.TestStatisticsSummary" name="test_summary_returns_streak" time="0.055"><skipped type="pytest.skip" message="Authentication required - skipping">/app/backend/tests/test_ux_features.py:91: Authentication required - skipping</skipped></testcase><testcase classname="backend.tests.test_ux_features.TestHenHealthScores" name="test_health_scores_endpoint_exists" time="0.056"><skipped type="pytest.skip" message="Authentication required - skipping">/app/backend/tests/test_ux_features.py:116: Authentication required - skipping</skipped></testcase><testcase classname="backend.tests.test_ux_features.TestEggRecords" name="test_add_egg_record" time="0.077"><skipped type="pytest.skip" message="Authentication required - skipping">/app/backend/tests/test_ux_features.py:149: Authentication required - skipping</skipped></testcase><testcase classname="backend.tests.test_ux_features.TestEggRecords" name="test_egg_list_with_date_filter" time="0.056"><skipped type="pytest.skip" message="Authentication required - skipping">/app/backend/tests/test_ux_features.py:173: Authentication required - skipping</skipped></testcase><testcase classname="backend.tests.test_ux_features.TestEggRecords" name="test_delete_egg_record" time="0.000"><skipped type="pytest.skip" message="No egg record to delete">/app/backend/tests/test_ux_features.py:193: No egg record to delete</skipped></testcase><testcase classname="backend.tests.test_ux_features.TestTodayStatistics" name="test_today_stats" time="0.055"><skipped type="pytest.skip" message="Authentication required - skipping">/app/backend/tests/test_ux_features.py:213: Authentication required - skipping</skipped></testcase><testcase classname="backend.tests.test_ux_features.TestMonthlyStatistics" name="test_month_stats_with_breakdown" time="0.052"><skipped type="pytest.skip" message="Authentication required - skipping">/app/backend/tests/test_ux_features.py:235: Authentication required - skipping</skipped></testcase><testcase classname="backend.tests.test_ux_features.TestHensEndpoints" name="test_hens_list" time="0.057"><skipped type="pytest.skip" message="Authentication required - skipping">/app/backend/tests/test_ux_features.py:263: Authentication required - skipping</skipped></testcase><testcase classname="backend.tests.test_ux_features.TestHensEndpoints" name="test_mark_hen_seen" time="0.053"><skipped type="pytest.skip" message="Authentication required - skipping">/app/backend/tests/test_ux_features.py:276: Authentication required - skipping</skipped></testcase><testcase classname="backend.tests.test_ux_features.TestFinanceEconomy" name="test_transactions_list" time="0.055"><skipped type="pytest.skip" message="Authentication required - skipping">/app/backend/tests/test_ux_features.py:298: Authentication required - skipping</skipped></testcase></testsuite></testsuites>