<?xml version="1.0" encoding="utf-8"?><testsuites name="pytest tests"><testsuite name="pytest" errors="0" failures="0" skipped="0" tests="10" time="2.863" timestamp="2026-02-25T16:16:45.957615+00:00" hostname="agent-env-8134bfd3-5624-4ee5-9075-4e7a51036daf"><testcase classname="backend.tests.test_iteration9_registration.TestRegistrationValidation" name="test_register_fails_without_name" time="0.270" /><testcase classname="backend.tests.test_iteration9_registration.TestRegistrationValidation" name="test_register_fails_without_whitespace_only_name" time="0.129" /><testcase classname="backend.tests.test_iteration9_registration.TestRegistrationValidation" name="test_register_fails_without_terms" time="0.172" /><testcase classname="backend.tests.test_iteration9_registration.TestRegistrationValidation" name="test_register_fails_without_marketing" time="0.215" /><testcase classname="backend.tests.test_iteration9_registration.TestRegistrationValidation" name="test_register_success_with_all_fields" time="0.647" /><testcase classname="backend.tests.test_iteration9_registration.TestForgotPassword" name="test_forgot_password_endpoint_exists" time="0.357" /><testcase classname="backend.tests.test_iteration9_registration.TestForgotPassword" name="test_forgot_password_with_invalid_email" time="0.136" /><testcase classname="backend.tests.test_iteration9_registration.TestPremiumStatus" name="test_premium_status_endpoint" time="0.144" /><testcase classname="backend.tests.test_iteration9_registration.TestWeatherEndpoint" name="test_weather_endpoint" time="0.454" /><testcase classname="backend.tests.test_iteration9_registration.TestWeatherEndpoint" name="test_weather_with_location" time="0.265" /></testsuite></testsuites>