<?xml version="1.0" encoding="utf-8"?><testsuites name="pytest tests"><testsuite name="pytest" errors="0" failures="0" skipped="0" tests="13" time="6.262" timestamp="2026-02-27T13:42:44.522212+00:00" hostname="agent-env-c2fd4ac9-01ff-425f-ad94-9fe4e036342b"><testcase classname="tests.test_auth_flow.TestAuthenticationFlow" name="test_01_register_new_user" time="2.189" /><testcase classname="tests.test_auth_flow.TestAuthenticationFlow" name="test_02_register_missing_name" time="0.051" /><testcase classname="tests.test_auth_flow.TestAuthenticationFlow" name="test_03_register_without_terms" time="0.066" /><testcase classname="tests.test_auth_flow.TestAuthenticationFlow" name="test_04_register_short_password" time="0.181" /><testcase classname="tests.test_auth_flow.TestAuthenticationFlow" name="test_05_register_duplicate_email" time="0.826" /><testcase classname="tests.test_auth_flow.TestAuthenticationFlow" name="test_06_verify_registration_wrong_code" time="0.306" /><testcase classname="tests.test_auth_flow.TestAuthenticationFlow" name="test_07_login_unverified_user" time="0.177" /><testcase classname="tests.test_auth_flow.TestAuthenticationFlow" name="test_08_login_wrong_credentials" time="0.180" /><testcase classname="tests.test_auth_flow.TestAuthenticationFlow" name="test_09_forgot_password_existing_email" time="0.174" /><testcase classname="tests.test_auth_flow.TestAuthenticationFlow" name="test_10_forgot_password_nonexistent_email" time="0.178" /><testcase classname="tests.test_auth_flow.TestAuthenticationFlow" name="test_11_resend_verification" time="0.498" /><testcase classname="tests.test_auth_flow.TestAuthenticationFlow" name="test_12_auth_me_unauthenticated" time="0.104" /><testcase classname="tests.test_auth_flow.TestVerifiedUserFlow" name="test_verified_user_login_logout" time="1.268" /></testsuite></testsuites>