<?xml version="1.0" encoding="utf-8"?><testsuites name="pytest tests"><testsuite name="pytest" errors="0" failures="1" skipped="0" tests="25" time="12.293" timestamp="2026-02-25T21:11:11.004529+00:00" hostname="agent-env-3e36dda8-0115-4825-967b-d3868e6b225a"><testcase classname="backend.tests.test_iteration10_comprehensive.TestHealthAndBasics" name="test_health_endpoint" time="0.388" /><testcase classname="backend.tests.test_iteration10_comprehensive.TestHealthAndBasics" name="test_webapp_login_page_loads" time="0.154" /><testcase classname="backend.tests.test_iteration10_comprehensive.TestRegistration" name="test_register_fails_without_name" time="0.201" /><testcase classname="backend.tests.test_iteration10_comprehensive.TestRegistration" name="test_register_fails_without_terms" time="0.124" /><testcase classname="backend.tests.test_iteration10_comprehensive.TestRegistration" name="test_register_success_with_all_fields" time="0.656" /><testcase classname="backend.tests.test_iteration10_comprehensive.TestLogin" name="test_login_fails_with_wrong_credentials" time="0.172" /><testcase classname="backend.tests.test_iteration10_comprehensive.TestLogin" name="test_login_success_with_correct_credentials" time="1.005" /><testcase classname="backend.tests.test_iteration10_comprehensive.TestForgotPassword" name="test_forgot_password_endpoint_exists" time="0.226" /><testcase classname="backend.tests.test_iteration10_comprehensive.TestForgotPassword" name="test_forgot_password_with_invalid_email_format" time="0.163" /><testcase classname="backend.tests.test_iteration10_comprehensive.TestPremiumStatus" name="test_premium_status_endpoint_unauthenticated" time="0.136" /><testcase classname="backend.tests.test_iteration10_comprehensive.TestPremiumStatus" name="test_premium_status_with_session" time="0.814" /><testcase classname="backend.tests.test_iteration10_comprehensive.TestPremiumStatus" name="test_checkout_requires_auth" time="0.143" /><testcase classname="backend.tests.test_iteration10_comprehensive.TestPremiumStatus" name="test_checkout_creates_session" time="1.164" /><testcase classname="backend.tests.test_iteration10_comprehensive.TestCoreFeatures" name="test_hens_list_endpoint" time="0.813" /><testcase classname="backend.tests.test_iteration10_comprehensive.TestCoreFeatures" name="test_create_hen" time="0.750" /><testcase classname="backend.tests.test_iteration10_comprehensive.TestCoreFeatures" name="test_create_and_delete_hen" time="0.956" /><testcase classname="backend.tests.test_iteration10_comprehensive.TestCoreFeatures" name="test_eggs_endpoint" time="0.690" /><testcase classname="backend.tests.test_iteration10_comprehensive.TestCoreFeatures" name="test_statistics_today" time="0.732" /><testcase classname="backend.tests.test_iteration10_comprehensive.TestCoreFeatures" name="test_statistics_summary" time="1.314" /><testcase classname="backend.tests.test_iteration10_comprehensive.TestCoreFeatures" name="test_finance_transactions" time="0.651"><failure message="assert 404 == 200&#10; +  where 404 = &lt;Response [404]&gt;.status_code">backend/tests/test_iteration10_comprehensive.py:307: in test_finance_transactions
    assert res.status_code == 200
E   assert 404 == 200
E    +  where 404 = &lt;Response [404]&gt;.status_code</failure></testcase><testcase classname="backend.tests.test_iteration10_comprehensive.TestNavigationEndpoints" name="test_coop_endpoint" time="0.127" /><testcase classname="backend.tests.test_iteration10_comprehensive.TestNavigationEndpoints" name="test_flocks_endpoint" time="0.190" /><testcase classname="backend.tests.test_iteration10_comprehensive.TestNavigationEndpoints" name="test_weather_endpoint" time="0.343" /><testcase classname="backend.tests.test_iteration10_comprehensive.TestNavigationEndpoints" name="test_insights_endpoint" time="0.139" /><testcase classname="backend.tests.test_iteration10_comprehensive.TestLogout" name="test_logout_endpoint" time="0.138" /></testsuite></testsuites>