<?xml version="1.0" encoding="utf-8"?><testsuites name="pytest tests"><testsuite name="pytest" errors="0" failures="0" skipped="0" tests="11" time="11.125" timestamp="2026-02-27T21:00:38.621868+00:00" hostname="agent-env-826dc681-3e78-4219-949f-36b5b64d11f9"><testcase classname="backend.tests.test_native_auth_bearer_token.TestLoginReturnsSessionToken" name="test_login_returns_session_token_in_body" time="1.928" /><testcase classname="backend.tests.test_native_auth_bearer_token.TestBearerTokenAuth" name="test_auth_me_with_bearer_token" time="0.992" /><testcase classname="backend.tests.test_native_auth_bearer_token.TestBearerTokenAuth" name="test_coop_with_bearer_token" time="1.166" /><testcase classname="backend.tests.test_native_auth_bearer_token.TestBearerTokenAuth" name="test_hens_with_bearer_token" time="1.213" /><testcase classname="backend.tests.test_native_auth_bearer_token.TestBearerTokenAuth" name="test_eggs_with_bearer_token" time="1.203" /><testcase classname="backend.tests.test_native_auth_bearer_token.TestBearerTokenAuth" name="test_statistics_today_with_bearer_token" time="1.535" /><testcase classname="backend.tests.test_native_auth_bearer_token.TestNoTokenReturns401" name="test_auth_me_without_token_returns_401" time="0.124" /><testcase classname="backend.tests.test_native_auth_bearer_token.TestNoTokenReturns401" name="test_coop_without_token_returns_401" time="0.275" /><testcase classname="backend.tests.test_native_auth_bearer_token.TestNoTokenReturns401" name="test_invalid_bearer_token_returns_401" time="0.296" /><testcase classname="backend.tests.test_native_auth_bearer_token.TestLogoutFlow" name="test_logout_clears_session" time="1.634" /><testcase classname="backend.tests.test_native_auth_bearer_token.TestCreateTestUser" name="test_create_test_user_if_not_exists" time="0.694" /></testsuite></testsuites>