<?xml version="1.0" encoding="utf-8"?><testsuites name="pytest tests"><testsuite name="pytest" errors="0" failures="11" skipped="0" tests="12" time="2.419" timestamp="2026-02-27T23:54:14.052694+00:00" hostname="agent-env-3711c66e-bf7a-4363-830d-115e604749bc"><testcase classname="backend.tests.test_final_verification.TestStatisticsSummary" name="test_statistics_summary_endpoint_accessible" time="0.276"><failure message="AssertionError: Expected 200, got 401: {&quot;detail&quot;:&quot;Inloggning krävs&quot;}&#10;assert 401 == 200&#10; +  where 401 = &lt;Response [401]&gt;.status_code">backend/tests/test_final_verification.py:48: in test_statistics_summary_endpoint_accessible
    assert response.status_code == 200, f"Expected 200, got {response.status_code}: {response.text}"
E   AssertionError: Expected 200, got 401: {"detail":"Inloggning krävs"}
E   assert 401 == 200
E    +  where 401 = &lt;Response [401]&gt;.status_code</failure></testcase><testcase classname="backend.tests.test_final_verification.TestStatisticsSummary" name="test_statistics_summary_has_best_hen_week" time="0.180"><failure message="assert 401 == 200&#10; +  where 401 = &lt;Response [401]&gt;.status_code">backend/tests/test_final_verification.py:54: in test_statistics_summary_has_best_hen_week
    assert response.status_code == 200
E   assert 401 == 200
E    +  where 401 = &lt;Response [401]&gt;.status_code</failure></testcase><testcase classname="backend.tests.test_final_verification.TestStatisticsSummary" name="test_statistics_summary_has_community_comparison" time="0.159"><failure message="assert 401 == 200&#10; +  where 401 = &lt;Response [401]&gt;.status_code">backend/tests/test_final_verification.py:72: in test_statistics_summary_has_community_comparison
    assert response.status_code == 200
E   assert 401 == 200
E    +  where 401 = &lt;Response [401]&gt;.status_code</failure></testcase><testcase classname="backend.tests.test_final_verification.TestStatisticsSummary" name="test_statistics_summary_other_fields" time="0.167"><failure message="assert 401 == 200&#10; +  where 401 = &lt;Response [401]&gt;.status_code">backend/tests/test_final_verification.py:95: in test_statistics_summary_other_fields
    assert response.status_code == 200
E   assert 401 == 200
E    +  where 401 = &lt;Response [401]&gt;.status_code</failure></testcase><testcase classname="backend.tests.test_final_verification.TestHealthScores" name="test_health_scores_endpoint_accessible" time="0.162"><failure message="AssertionError: Expected 200, got 401: {&quot;detail&quot;:&quot;Inloggning krävs&quot;}&#10;assert 401 == 200&#10; +  where 401 = &lt;Response [401]&gt;.status_code">backend/tests/test_final_verification.py:134: in test_health_scores_endpoint_accessible
    assert response.status_code == 200, f"Expected 200, got {response.status_code}: {response.text}"
E   AssertionError: Expected 200, got 401: {"detail":"Inloggning krävs"}
E   assert 401 == 200
E    +  where 401 = &lt;Response [401]&gt;.status_code</failure></testcase><testcase classname="backend.tests.test_final_verification.TestHealthScores" name="test_health_scores_response_structure" time="0.216"><failure message="assert 401 == 200&#10; +  where 401 = &lt;Response [401]&gt;.status_code">backend/tests/test_final_verification.py:140: in test_health_scores_response_structure
    assert response.status_code == 200
E   assert 401 == 200
E    +  where 401 = &lt;Response [401]&gt;.status_code</failure></testcase><testcase classname="backend.tests.test_final_verification.TestHealthScores" name="test_individual_health_score_structure" time="0.174"><failure message="assert 401 == 200&#10; +  where 401 = &lt;Response [401]&gt;.status_code">backend/tests/test_final_verification.py:155: in test_individual_health_score_structure
    assert response.status_code == 200
E   assert 401 == 200
E    +  where 401 = &lt;Response [401]&gt;.status_code</failure></testcase><testcase classname="backend.tests.test_final_verification.TestAIDailyReport" name="test_ai_daily_report_endpoint_accessible" time="0.189"><failure message="AssertionError: Expected 200, got 401: {&quot;detail&quot;:&quot;Inloggning krävs&quot;}&#10;assert 401 == 200&#10; +  where 401 = &lt;Response [401]&gt;.status_code">backend/tests/test_final_verification.py:196: in test_ai_daily_report_endpoint_accessible
    assert response.status_code == 200, f"Expected 200, got {response.status_code}: {response.text}"
E   AssertionError: Expected 200, got 401: {"detail":"Inloggning krävs"}
E   assert 401 == 200
E    +  where 401 = &lt;Response [401]&gt;.status_code</failure></testcase><testcase classname="backend.tests.test_final_verification.TestAIDailyReport" name="test_ai_daily_report_response_structure" time="0.160"><failure message="assert 401 == 200&#10; +  where 401 = &lt;Response [401]&gt;.status_code">backend/tests/test_final_verification.py:202: in test_ai_daily_report_response_structure
    assert response.status_code == 200
E   assert 401 == 200
E    +  where 401 = &lt;Response [401]&gt;.status_code</failure></testcase><testcase classname="backend.tests.test_final_verification.TestAIDailyReport" name="test_ai_daily_report_free_tier_fields" time="0.160"><failure message="assert 401 == 200&#10; +  where 401 = &lt;Response [401]&gt;.status_code">backend/tests/test_final_verification.py:228: in test_ai_daily_report_free_tier_fields
    assert response.status_code == 200
E   assert 401 == 200
E    +  where 401 = &lt;Response [401]&gt;.status_code</failure></testcase><testcase classname="backend.tests.test_final_verification.TestFrontendUIFeatures" name="test_one_tap_egg_registration" time="0.217" /><testcase classname="backend.tests.test_final_verification.TestFrontendUIFeatures" name="test_statistics_trend_data" time="0.240"><failure message="assert 401 == 200&#10; +  where 401 = &lt;Response [401]&gt;.status_code">backend/tests/test_final_verification.py:302: in test_statistics_trend_data
    assert response.status_code == 200
E   assert 401 == 200
E    +  where 401 = &lt;Response [401]&gt;.status_code</failure></testcase></testsuite></testsuites>