<?xml version="1.0" encoding="utf-8"?><testsuites name="pytest tests"><testsuite name="pytest" errors="0" failures="2" skipped="0" tests="19" time="7.781" timestamp="2026-02-26T17:29:04.976871+00:00" hostname="agent-env-9c179b21-4656-4952-bf2d-2a2ecfa831ba"><testcase classname="backend.tests.test_backend_endpoints.TestHealthCheck" name="test_api_root_accessible" time="0.250" /><testcase classname="backend.tests.test_backend_endpoints.TestHealthCheck" name="test_health_endpoint_or_auth_endpoint" time="0.159" /><testcase classname="backend.tests.test_backend_endpoints.TestAdvancedInsights" name="test_advanced_insights_endpoint_exists" time="2.272" /><testcase classname="backend.tests.test_backend_endpoints.TestAdvancedInsights" name="test_advanced_insights_response_structure" time="1.124" /><testcase classname="backend.tests.test_backend_endpoints.TestAuthRegister" name="test_register_endpoint_exists" time="0.241" /><testcase classname="backend.tests.test_backend_endpoints.TestAuthRegister" name="test_register_requires_name" time="0.144" /><testcase classname="backend.tests.test_backend_endpoints.TestAuthRegister" name="test_register_requires_terms_acceptance" time="0.243" /><testcase classname="backend.tests.test_backend_endpoints.TestAuthRegister" name="test_register_requires_valid_password" time="0.254" /><testcase classname="backend.tests.test_backend_endpoints.TestVerifyRegistration" name="test_verify_registration_endpoint_exists" time="0.273" /><testcase classname="backend.tests.test_backend_endpoints.TestVerifyRegistration" name="test_verify_registration_requires_email_and_code" time="0.144" /><testcase classname="backend.tests.test_backend_endpoints.TestForgotPassword" name="test_forgot_password_endpoint_exists" time="0.365" /><testcase classname="backend.tests.test_backend_endpoints.TestForgotPassword" name="test_forgot_password_response_structure" time="0.518" /><testcase classname="backend.tests.test_backend_endpoints.TestResetPasswordWithCode" name="test_reset_password_with_code_endpoint_exists" time="0.268" /><testcase classname="backend.tests.test_backend_endpoints.TestResetPasswordWithCode" name="test_reset_password_validates_password_length" time="0.268" /><testcase classname="backend.tests.test_backend_endpoints.TestStaticPages" name="test_premium_page_loads" time="0.257" /><testcase classname="backend.tests.test_backend_endpoints.TestStaticPages" name="test_reset_password_page_loads" time="0.159"><failure message="AssertionError: Reset password page failed to load, status: 404&#10;assert 404 == 200&#10; +  where 404 = &lt;Response [404]&gt;.status_code">backend/tests/test_backend_endpoints.py:246: in test_reset_password_page_loads
    assert response.status_code == 200, f"Reset password page failed to load, status: {response.status_code}"
E   AssertionError: Reset password page failed to load, status: 404
E   assert 404 == 200
E    +  where 404 = &lt;Response [404]&gt;.status_code</failure></testcase><testcase classname="backend.tests.test_backend_endpoints.TestStaticPages" name="test_register_page_loads" time="0.125"><failure message="AssertionError: Register page failed to load, status: 404&#10;assert 404 == 200&#10; +  where 404 = &lt;Response [404]&gt;.status_code">backend/tests/test_backend_endpoints.py:260: in test_register_page_loads
    assert response.status_code == 200, f"Register page failed to load, status: {response.status_code}"
E   AssertionError: Register page failed to load, status: 404
E   assert 404 == 200
E    +  where 404 = &lt;Response [404]&gt;.status_code</failure></testcase><testcase classname="backend.tests.test_backend_endpoints.TestAdditionalEndpoints" name="test_login_endpoint_exists" time="0.264" /><testcase classname="backend.tests.test_backend_endpoints.TestAdditionalEndpoints" name="test_premium_status_endpoint" time="0.329" /></testsuite></testsuites>