<?xml version="1.0" encoding="utf-8"?><testsuites name="pytest tests"><testsuite name="pytest" errors="0" failures="0" skipped="0" tests="26" time="16.973" timestamp="2026-02-26T17:38:46.648764+00:00" hostname="agent-env-9c179b21-4656-4952-bf2d-2a2ecfa831ba"><testcase classname="backend.tests.test_iteration15_trend_analysis.TestHealthAndConnectivity" name="test_api_root_accessible" time="0.237" /><testcase classname="backend.tests.test_iteration15_trend_analysis.TestHealthAndConnectivity" name="test_auth_me_returns_401_without_auth" time="0.122" /><testcase classname="backend.tests.test_iteration15_trend_analysis.TestTrendAnalysisEndpoint" name="test_trend_analysis_returns_200" time="2.401" /><testcase classname="backend.tests.test_iteration15_trend_analysis.TestTrendAnalysisEndpoint" name="test_trend_analysis_response_structure" time="1.183" /><testcase classname="backend.tests.test_iteration15_trend_analysis.TestTrendAnalysisEndpoint" name="test_trend_analysis_period_structure" time="1.196" /><testcase classname="backend.tests.test_iteration15_trend_analysis.TestTrendAnalysisEndpoint" name="test_trend_analysis_changes_structure" time="1.186" /><testcase classname="backend.tests.test_iteration15_trend_analysis.TestTrendAnalysisEndpoint" name="test_trend_analysis_overall_trend_values" time="1.157" /><testcase classname="backend.tests.test_iteration15_trend_analysis.TestTrendAnalysisEndpoint" name="test_trend_analysis_trend_message_exists" time="1.252" /><testcase classname="backend.tests.test_iteration15_trend_analysis.TestTrendAnalysisEndpoint" name="test_trend_analysis_insights_is_list" time="1.294" /><testcase classname="backend.tests.test_iteration15_trend_analysis.TestAdvancedInsightsEndpoint" name="test_advanced_insights_returns_200" time="1.062" /><testcase classname="backend.tests.test_iteration15_trend_analysis.TestAdvancedInsightsEndpoint" name="test_advanced_insights_response_structure" time="1.051" /><testcase classname="backend.tests.test_iteration15_trend_analysis.TestAdvancedInsightsEndpoint" name="test_advanced_insights_metrics_structure" time="1.046" /><testcase classname="backend.tests.test_iteration15_trend_analysis.TestAdvancedInsightsEndpoint" name="test_advanced_insights_insights_structure" time="1.059" /><testcase classname="backend.tests.test_iteration15_trend_analysis.TestPremiumPage" name="test_premium_page_returns_200" time="0.140" /><testcase classname="backend.tests.test_iteration15_trend_analysis.TestPremiumPage" name="test_premium_page_returns_html" time="0.145" /><testcase classname="backend.tests.test_iteration15_trend_analysis.TestPremiumPage" name="test_premium_page_contains_checkout_elements" time="0.282" /><testcase classname="backend.tests.test_iteration15_trend_analysis.TestPremiumPage" name="test_premium_page_contains_token_handling" time="0.165" /><testcase classname="backend.tests.test_iteration15_trend_analysis.TestAuthRegistrationEndpoints" name="test_register_validates_required_fields" time="0.152" /><testcase classname="backend.tests.test_iteration15_trend_analysis.TestAuthRegistrationEndpoints" name="test_register_validates_terms_acceptance" time="0.201" /><testcase classname="backend.tests.test_iteration15_trend_analysis.TestAuthRegistrationEndpoints" name="test_register_validates_password_length" time="0.296" /><testcase classname="backend.tests.test_iteration15_trend_analysis.TestAuthRegistrationEndpoints" name="test_verify_registration_requires_email_and_code" time="0.097" /><testcase classname="backend.tests.test_iteration15_trend_analysis.TestPasswordResetEndpoints" name="test_forgot_password_returns_200" time="0.284" /><testcase classname="backend.tests.test_iteration15_trend_analysis.TestPasswordResetEndpoints" name="test_reset_password_with_code_validates_inputs" time="0.234" /><testcase classname="backend.tests.test_iteration15_trend_analysis.TestPasswordResetEndpoints" name="test_reset_password_with_code_validates_password_length" time="0.138" /><testcase classname="backend.tests.test_iteration15_trend_analysis.TestPremiumStatus" name="test_premium_status_returns_200" time="0.234" /><testcase classname="backend.tests.test_iteration15_trend_analysis.TestPremiumStatus" name="test_premium_status_response_structure" time="0.271" /></testsuite></testsuites>