<?xml version="1.0" encoding="utf-8"?><testsuites name="pytest tests"><testsuite name="pytest" errors="0" failures="0" skipped="0" tests="18" time="8.427" timestamp="2026-02-27T18:15:11.009498+00:00" hostname="agent-env-35040fa3-63e7-4253-a886-637b24b6d8eb"><testcase classname="backend.tests.test_p0_auth_fix.TestPublicEndpoints" name="test_health_endpoint_public" time="0.283" /><testcase classname="backend.tests.test_p0_auth_fix.TestPublicEndpoints" name="test_premium_status_returns_not_premium_without_auth" time="0.154" /><testcase classname="backend.tests.test_p0_auth_fix.TestProtectedEndpointsReturn401" name="test_coop_returns_401_without_auth" time="0.126" /><testcase classname="backend.tests.test_p0_auth_fix.TestProtectedEndpointsReturn401" name="test_eggs_returns_401_without_auth" time="0.108" /><testcase classname="backend.tests.test_p0_auth_fix.TestProtectedEndpointsReturn401" name="test_hens_returns_401_without_auth" time="0.137" /><testcase classname="backend.tests.test_p0_auth_fix.TestProtectedEndpointsReturn401" name="test_transactions_returns_401_without_auth" time="0.113" /><testcase classname="backend.tests.test_p0_auth_fix.TestProtectedEndpointsReturn401" name="test_statistics_today_returns_401_without_auth" time="0.129" /><testcase classname="backend.tests.test_p0_auth_fix.TestProtectedEndpointsReturn401" name="test_ai_daily_tip_returns_401_without_auth" time="0.122" /><testcase classname="backend.tests.test_p0_auth_fix.TestProtectedEndpointsReturn401" name="test_statistics_summary_returns_401_without_auth" time="0.120" /><testcase classname="backend.tests.test_p0_auth_fix.TestProtectedEndpointsReturn401" name="test_health_logs_returns_401_without_auth" time="0.117" /><testcase classname="backend.tests.test_p0_auth_fix.TestProtectedEndpointsReturn401" name="test_insights_returns_401_without_auth" time="0.140" /><testcase classname="backend.tests.test_p0_auth_fix.TestAuthenticatedAccess" name="test_coop_accessible_when_authenticated" time="2.207" /><testcase classname="backend.tests.test_p0_auth_fix.TestAuthenticatedAccess" name="test_eggs_accessible_when_authenticated" time="1.155" /><testcase classname="backend.tests.test_p0_auth_fix.TestAuthenticatedAccess" name="test_hens_accessible_when_authenticated" time="1.078" /><testcase classname="backend.tests.test_p0_auth_fix.TestAuthenticatedAccess" name="test_statistics_today_accessible_when_authenticated" time="1.413" /><testcase classname="backend.tests.test_p0_auth_fix.TestLoginFlow" name="test_login_with_valid_credentials" time="0.589" /><testcase classname="backend.tests.test_p0_auth_fix.TestLoginFlow" name="test_login_with_invalid_credentials_returns_401" time="0.231" /><testcase classname="backend.tests.test_p0_auth_fix.TestLoginFlow" name="test_auth_me_returns_401_without_session" time="0.133" /></testsuite></testsuites>