<?xml version="1.0" encoding="utf-8"?><testsuites name="pytest tests"><testsuite name="pytest" errors="0" failures="2" skipped="0" tests="18" time="24.582" timestamp="2026-02-28T08:53:09.888028+00:00" hostname="agent-env-4d89a401-487b-44d8-b5b4-46c337195b9a"><testcase classname="backend.tests.test_iteration24_bugs.TestLoginFlow" name="test_login_with_valid_credentials" time="2.006" /><testcase classname="backend.tests.test_iteration24_bugs.TestLoginFlow" name="test_login_with_invalid_credentials" time="0.627" /><testcase classname="backend.tests.test_iteration24_bugs.TestPremiumStatus" name="test_premium_status_returns_200" time="1.279" /><testcase classname="backend.tests.test_iteration24_bugs.TestPremiumStatus" name="test_premium_status_shows_active" time="1.272" /><testcase classname="backend.tests.test_iteration24_bugs.TestPremiumStatus" name="test_premium_status_requires_auth" time="0.165"><failure message="assert 200 == 401&#10; +  where 200 = &lt;Response [200]&gt;.status_code">backend/tests/test_iteration24_bugs.py:80: in test_premium_status_requires_auth
    assert response.status_code == 401
E   assert 200 == 401
E    +  where 200 = &lt;Response [200]&gt;.status_code</failure></testcase><testcase classname="backend.tests.test_iteration24_bugs.TestAdminPanel" name="test_admin_check_returns_is_admin" time="1.171" /><testcase classname="backend.tests.test_iteration24_bugs.TestAdminPanel" name="test_admin_users_list" time="2.422" /><testcase classname="backend.tests.test_iteration24_bugs.TestAdminPanel" name="test_admin_subscriptions_list" time="3.073" /><testcase classname="backend.tests.test_iteration24_bugs.TestGoalsEndpoint" name="test_get_goals_returns_200" time="1.310" /><testcase classname="backend.tests.test_iteration24_bugs.TestGoalsEndpoint" name="test_set_goals" time="1.286" /><testcase classname="backend.tests.test_iteration24_bugs.TestGoalsEndpoint" name="test_goals_requires_auth" time="0.148"><failure message="assert 500 == 401&#10; +  where 500 = &lt;Response [500]&gt;.status_code">backend/tests/test_iteration24_bugs.py:174: in test_goals_requires_auth
    assert response.status_code == 401
E   assert 500 == 401
E    +  where 500 = &lt;Response [500]&gt;.status_code</failure></testcase><testcase classname="backend.tests.test_iteration24_bugs.TestHomePageAPIs" name="test_coop_settings" time="1.279" /><testcase classname="backend.tests.test_iteration24_bugs.TestHomePageAPIs" name="test_today_stats" time="1.543" /><testcase classname="backend.tests.test_iteration24_bugs.TestHomePageAPIs" name="test_summary_stats" time="1.825" /><testcase classname="backend.tests.test_iteration24_bugs.TestHomePageAPIs" name="test_insights" time="1.795" /><testcase classname="backend.tests.test_iteration24_bugs.TestHomePageAPIs" name="test_weather" time="1.815" /><testcase classname="backend.tests.test_iteration24_bugs.TestHomePageAPIs" name="test_daily_chores" time="1.326" /><testcase classname="backend.tests.test_iteration24_bugs.TestHealthCheck" name="test_health_endpoint" time="0.147" /></testsuite></testsuites>