<?xml version="1.0" encoding="utf-8"?><testsuites name="pytest tests"><testsuite name="pytest" errors="0" failures="0" skipped="0" tests="19" time="6.705" timestamp="2026-02-26T17:29:37.593783+00:00" hostname="agent-env-9c179b21-4656-4952-bf2d-2a2ecfa831ba"><testcase classname="backend.tests.test_backend_endpoints.TestHealthCheck" name="test_api_root_accessible" time="0.166" /><testcase classname="backend.tests.test_backend_endpoints.TestHealthCheck" name="test_health_endpoint_or_auth_endpoint" time="0.128" /><testcase classname="backend.tests.test_backend_endpoints.TestAdvancedInsights" name="test_advanced_insights_endpoint_exists" time="2.160" /><testcase classname="backend.tests.test_backend_endpoints.TestAdvancedInsights" name="test_advanced_insights_response_structure" time="1.051" /><testcase classname="backend.tests.test_backend_endpoints.TestAuthRegister" name="test_register_endpoint_exists" time="0.141" /><testcase classname="backend.tests.test_backend_endpoints.TestAuthRegister" name="test_register_requires_name" time="0.134" /><testcase classname="backend.tests.test_backend_endpoints.TestAuthRegister" name="test_register_requires_terms_acceptance" time="0.122" /><testcase classname="backend.tests.test_backend_endpoints.TestAuthRegister" name="test_register_requires_valid_password" time="0.248" /><testcase classname="backend.tests.test_backend_endpoints.TestVerifyRegistration" name="test_verify_registration_endpoint_exists" time="0.250" /><testcase classname="backend.tests.test_backend_endpoints.TestVerifyRegistration" name="test_verify_registration_requires_email_and_code" time="0.108" /><testcase classname="backend.tests.test_backend_endpoints.TestForgotPassword" name="test_forgot_password_endpoint_exists" time="0.305" /><testcase classname="backend.tests.test_backend_endpoints.TestForgotPassword" name="test_forgot_password_response_structure" time="0.282" /><testcase classname="backend.tests.test_backend_endpoints.TestResetPasswordWithCode" name="test_reset_password_with_code_endpoint_exists" time="0.262" /><testcase classname="backend.tests.test_backend_endpoints.TestResetPasswordWithCode" name="test_reset_password_validates_password_length" time="0.131" /><testcase classname="backend.tests.test_backend_endpoints.TestStaticPages" name="test_premium_page_loads" time="0.267" /><testcase classname="backend.tests.test_backend_endpoints.TestStaticPages" name="test_reset_password_page_loads" time="0.167" /><testcase classname="backend.tests.test_backend_endpoints.TestStaticPages" name="test_register_page_loads" time="0.178" /><testcase classname="backend.tests.test_backend_endpoints.TestAdditionalEndpoints" name="test_login_endpoint_exists" time="0.254" /><testcase classname="backend.tests.test_backend_endpoints.TestAdditionalEndpoints" name="test_premium_status_endpoint" time="0.267" /></testsuite></testsuites>