<?xml version="1.0" encoding="utf-8"?><testsuites name="pytest tests"><testsuite name="pytest" errors="0" failures="0" skipped="0" tests="14" time="2.890" timestamp="2026-03-04T11:00:35.809746+00:00" hostname="agent-env-d44330ca-6db4-4066-817e-7a7e7ba006b7"><testcase classname="backend.tests.test_iteration28_new_features.TestHealthCheck" name="test_api_health" time="0.138" /><testcase classname="backend.tests.test_iteration28_new_features.TestAuthentication" name="test_login_success" time="0.378" /><testcase classname="backend.tests.test_iteration28_new_features.TestLeaderboard" name="test_leaderboard_requires_auth" time="0.101" /><testcase classname="backend.tests.test_iteration28_new_features.TestLeaderboard" name="test_leaderboard_authenticated" time="0.369" /><testcase classname="backend.tests.test_iteration28_new_features.TestLeaderboard" name="test_leaderboard_has_fictional_users" time="0.053" /><testcase classname="backend.tests.test_iteration28_new_features.TestFriendsModule" name="test_friends_requires_auth" time="0.116" /><testcase classname="backend.tests.test_iteration28_new_features.TestFriendsModule" name="test_friends_authenticated" time="0.389" /><testcase classname="backend.tests.test_iteration28_new_features.TestSupportTickets" name="test_support_tickets_requires_auth" time="0.104" /><testcase classname="backend.tests.test_iteration28_new_features.TestSupportTickets" name="test_get_support_tickets" time="0.486" /><testcase classname="backend.tests.test_iteration28_new_features.TestSupportTickets" name="test_create_support_ticket" time="0.063" /><testcase classname="backend.tests.test_iteration28_new_features.TestSupportTickets" name="test_verify_ticket_created" time="0.052" /><testcase classname="backend.tests.test_iteration28_new_features.TestViralFeatures" name="test_flock_comparison" time="0.393" /><testcase classname="backend.tests.test_iteration28_new_features.TestViralFeatures" name="test_percentile" time="0.049" /><testcase classname="backend.tests.test_iteration28_new_features.TestViralFeatures" name="test_share_image_generation" time="0.125" /></testsuite></testsuites>