<?xml version="1.0" encoding="utf-8"?><testsuites name="pytest tests"><testsuite name="pytest" errors="0" failures="0" skipped="0" tests="14" time="2.711" timestamp="2026-02-24T22:39:19.786593+00:00" hostname="agent-env-da6b8e42-a97a-4c76-9b87-764566aca6c0"><testcase classname="backend.tests.test_iteration2.TestHealthAndBasics" name="test_health_endpoint" time="0.168" /><testcase classname="backend.tests.test_iteration2.TestDataLimitsEndpoint" name="test_data_limits_returns_200" time="0.161" /><testcase classname="backend.tests.test_iteration2.TestDataLimitsEndpoint" name="test_data_limits_structure" time="0.127" /><testcase classname="backend.tests.test_iteration2.TestDataLimitsEndpoint" name="test_data_limits_free_user_values" time="0.176" /><testcase classname="backend.tests.test_iteration2.TestPremiumStatus" name="test_premium_status_returns_200" time="0.115" /><testcase classname="backend.tests.test_iteration2.TestPremiumStatus" name="test_premium_status_structure" time="0.153" /><testcase classname="backend.tests.test_iteration2.TestEggRegistration" name="test_eggs_list_endpoint" time="0.166" /><testcase classname="backend.tests.test_iteration2.TestEggRegistration" name="test_egg_registration_quick_add" time="0.234" /><testcase classname="backend.tests.test_iteration2.TestEggRegistration" name="test_egg_registration_with_hen_id" time="0.554" /><testcase classname="backend.tests.test_iteration2.TestEggRegistration" name="test_egg_registration_custom_count" time="0.248" /><testcase classname="backend.tests.test_iteration2.TestHensEndpoints" name="test_hens_list_active" time="0.139" /><testcase classname="backend.tests.test_iteration2.TestHensEndpoints" name="test_hens_include_inactive" time="0.130" /><testcase classname="backend.tests.test_iteration2.TestInsightsEndpoint" name="test_insights_returns_200" time="0.165" /><testcase classname="backend.tests.test_iteration2.TestInsightsEndpoint" name="test_insights_structure" time="0.106" /></testsuite></testsuites>