<?xml version="1.0" encoding="utf-8"?><testsuites name="pytest tests"><testsuite name="pytest" errors="0" failures="0" skipped="0" tests="12" time="7.819" timestamp="2026-02-26T10:55:46.101704+00:00" hostname="agent-env-c39f1114-8620-40cc-8a64-7998466c6574"><testcase classname="tests.test_password_reset.TestForgotPassword" name="test_forgot_password_existing_user_with_password" time="3.273" /><testcase classname="tests.test_password_reset.TestForgotPassword" name="test_forgot_password_nonexistent_user" time="0.233" /><testcase classname="tests.test_password_reset.TestForgotPassword" name="test_forgot_password_invalid_email" time="0.101" /><testcase classname="tests.test_password_reset.TestVerifyResetCode" name="test_verify_code_missing_fields" time="0.103" /><testcase classname="tests.test_password_reset.TestVerifyResetCode" name="test_verify_code_no_active_reset" time="0.250" /><testcase classname="tests.test_password_reset.TestVerifyResetCode" name="test_verify_code_wrong_code" time="2.216" /><testcase classname="tests.test_password_reset.TestResetPasswordWithCode" name="test_reset_password_missing_fields" time="0.126" /><testcase classname="tests.test_password_reset.TestResetPasswordWithCode" name="test_reset_password_invalid_token" time="0.225" /><testcase classname="tests.test_password_reset.TestResetPasswordWithCode" name="test_reset_password_short_password" time="0.100" /><testcase classname="tests.test_password_reset.TestLoginEndpoint" name="test_login_existing_user" time="0.572" /><testcase classname="tests.test_password_reset.TestLoginEndpoint" name="test_login_wrong_password" time="0.461" /><testcase classname="tests.test_password_reset.TestHealthCheck" name="test_api_health" time="0.106" /></testsuite></testsuites>