<?xml version="1.0" encoding="utf-8"?><testsuites name="pytest tests"><testsuite name="pytest" errors="0" failures="0" skipped="0" tests="8" time="2.112" timestamp="2026-02-24T23:37:01.723504+00:00" hostname="agent-env-ea33a6ba-9fc1-4d65-88db-4ac6dda9ae20"><testcase classname="test_premium_restrictions.TestPremiumStatus" name="test_premium_status_returns_free_for_unauthenticated" time="0.300" /><testcase classname="test_premium_restrictions.TestHealthLogRestrictions" name="test_post_health_log_returns_403_for_free_user" time="0.356" /><testcase classname="test_premium_restrictions.TestHealthLogRestrictions" name="test_get_health_logs_returns_empty_for_free_user" time="0.117" /><testcase classname="test_premium_restrictions.TestFlockRestrictions" name="test_flock_limit_enforced_for_free_users" time="0.299" /><testcase classname="test_premium_restrictions.TestFeaturePreferencesRestrictions" name="test_feature_preferences_returns_can_customize_false_for_free_users" time="0.178" /><testcase classname="test_premium_restrictions.TestFeaturePreferencesRestrictions" name="test_update_feature_preferences_blocked_for_free_users" time="0.164" /><testcase classname="test_premium_restrictions.TestCleanup" name="test_cleanup_test_flocks" time="0.228" /><testcase classname="test_premium_restrictions.TestCleanup" name="test_cleanup_test_hens" time="0.402" /></testsuite></testsuites>