<?xml version="1.0" encoding="utf-8"?><testsuites name="pytest tests"><testsuite name="pytest" errors="0" failures="0" skipped="0" tests="27" time="3.299" timestamp="2026-02-23T11:42:58.253706+00:00" hostname="agent-env-03cd19ac-cdff-4bf6-ab95-090d0bac8e72"><testcase classname="backend.tests.test_api.TestHealthAndRoot" name="test_health_endpoint" time="0.287" /><testcase classname="backend.tests.test_api.TestHealthAndRoot" name="test_root_endpoint" time="0.148" /><testcase classname="backend.tests.test_api.TestAuthEndpoints" name="test_auth_me_requires_login" time="0.046" /><testcase classname="backend.tests.test_api.TestAuthEndpoints" name="test_auth_logout_endpoint" time="0.046" /><testcase classname="backend.tests.test_api.TestCoopSettings" name="test_get_coop_settings" time="0.052" /><testcase classname="backend.tests.test_api.TestCoopSettings" name="test_update_coop_settings" time="0.113" /><testcase classname="backend.tests.test_api.TestHensCRUD" name="test_create_hen" time="0.103" /><testcase classname="backend.tests.test_api.TestHensCRUD" name="test_get_all_hens" time="0.156" /><testcase classname="backend.tests.test_api.TestHensCRUD" name="test_get_single_hen" time="0.137" /><testcase classname="backend.tests.test_api.TestHensCRUD" name="test_update_hen" time="0.188" /><testcase classname="backend.tests.test_api.TestHensCRUD" name="test_delete_hen" time="0.166" /><testcase classname="backend.tests.test_api.TestHensCRUD" name="test_hen_not_found" time="0.047" /><testcase classname="backend.tests.test_api.TestEggsCRUD" name="test_create_egg_record" time="0.105" /><testcase classname="backend.tests.test_api.TestEggsCRUD" name="test_create_egg_with_hen" time="0.185" /><testcase classname="backend.tests.test_api.TestEggsCRUD" name="test_get_egg_records" time="0.167" /><testcase classname="backend.tests.test_api.TestEggsCRUD" name="test_delete_egg_record" time="0.100" /><testcase classname="backend.tests.test_api.TestTransactionsCRUD" name="test_create_cost_transaction" time="0.087" /><testcase classname="backend.tests.test_api.TestTransactionsCRUD" name="test_create_sale_transaction" time="0.101" /><testcase classname="backend.tests.test_api.TestTransactionsCRUD" name="test_get_transactions" time="0.049" /><testcase classname="backend.tests.test_api.TestTransactionsCRUD" name="test_delete_transaction" time="0.124" /><testcase classname="backend.tests.test_api.TestStatistics" name="test_today_statistics" time="0.049" /><testcase classname="backend.tests.test_api.TestStatistics" name="test_month_statistics" time="0.048" /><testcase classname="backend.tests.test_api.TestStatistics" name="test_year_statistics" time="0.050" /><testcase classname="backend.tests.test_api.TestStatistics" name="test_summary_statistics" time="0.053" /><testcase classname="backend.tests.test_api.TestPremiumStatus" name="test_premium_status" time="0.051" /><testcase classname="backend.tests.test_api.TestCleanup" name="test_cleanup_test_hens" time="0.396" /><testcase classname="backend.tests.test_api.TestCleanup" name="test_reset_coop_name" time="0.103" /></testsuite></testsuites>