<?xml version="1.0" encoding="utf-8"?><testsuites name="pytest tests"><testsuite name="pytest" errors="0" failures="0" skipped="0" tests="12" time="4.972" timestamp="2026-02-25T07:58:02.305151+00:00" hostname="agent-env-74eb96a0-afe6-4237-a72a-bcbee30fcb4b"><testcase classname="tests.test_stripe_and_auth.TestStripeCheckout" name="test_checkout_create_monthly_returns_stripe_url" time="0.865" /><testcase classname="tests.test_stripe_and_auth.TestStripeCheckout" name="test_checkout_create_yearly_returns_stripe_url" time="0.670" /><testcase classname="tests.test_stripe_and_auth.TestStripeCheckout" name="test_checkout_create_requires_auth" time="0.097" /><testcase classname="tests.test_stripe_and_auth.TestStripeCheckout" name="test_checkout_create_invalid_plan" time="0.366" /><testcase classname="tests.test_stripe_and_auth.TestEmailPasswordAuth" name="test_register_new_user" time="0.431" /><testcase classname="tests.test_stripe_and_auth.TestEmailPasswordAuth" name="test_register_duplicate_email" time="0.439" /><testcase classname="tests.test_stripe_and_auth.TestEmailPasswordAuth" name="test_login_valid_credentials" time="0.674" /><testcase classname="tests.test_stripe_and_auth.TestEmailPasswordAuth" name="test_login_invalid_password" time="0.663" /><testcase classname="tests.test_stripe_and_auth.TestEmailPasswordAuth" name="test_login_nonexistent_email" time="0.115" /><testcase classname="tests.test_stripe_and_auth.TestEmailPasswordAuth" name="test_register_short_password" time="0.113" /><testcase classname="tests.test_stripe_and_auth.TestInsightsEndpoint" name="test_insights_new_user_shows_no_eggs_message" time="0.373" /><testcase classname="tests.test_stripe_and_auth.TestInsightsEndpoint" name="test_insights_accessible_anonymous" time="0.104" /></testsuite></testsuites>