<?xml version="1.0" encoding="utf-8"?><testsuites name="pytest tests"><testsuite name="pytest" errors="0" failures="1" skipped="0" tests="12" time="5.110" timestamp="2026-02-25T07:57:08.968951+00:00" hostname="agent-env-74eb96a0-afe6-4237-a72a-bcbee30fcb4b"><testcase classname="tests.test_stripe_and_auth.TestStripeCheckout" name="test_checkout_create_monthly_returns_stripe_url" time="0.893" /><testcase classname="tests.test_stripe_and_auth.TestStripeCheckout" name="test_checkout_create_yearly_returns_stripe_url" time="0.668" /><testcase classname="tests.test_stripe_and_auth.TestStripeCheckout" name="test_checkout_create_requires_auth" time="0.101" /><testcase classname="tests.test_stripe_and_auth.TestStripeCheckout" name="test_checkout_create_invalid_plan" time="0.390" /><testcase classname="tests.test_stripe_and_auth.TestEmailPasswordAuth" name="test_register_new_user" time="0.366" /><testcase classname="tests.test_stripe_and_auth.TestEmailPasswordAuth" name="test_register_duplicate_email" time="0.446" /><testcase classname="tests.test_stripe_and_auth.TestEmailPasswordAuth" name="test_login_valid_credentials" time="0.714" /><testcase classname="tests.test_stripe_and_auth.TestEmailPasswordAuth" name="test_login_invalid_password" time="0.670" /><testcase classname="tests.test_stripe_and_auth.TestEmailPasswordAuth" name="test_login_nonexistent_email" time="0.107" /><testcase classname="tests.test_stripe_and_auth.TestEmailPasswordAuth" name="test_register_short_password" time="0.106" /><testcase classname="tests.test_stripe_and_auth.TestInsightsEndpoint" name="test_insights_new_user_shows_no_eggs_message" time="0.399" /><testcase classname="tests.test_stripe_and_auth.TestInsightsEndpoint" name="test_insights_default_user_anonymous" time="0.151"><failure message="AssertionError: Response should contain premium section&#10;assert 'premium' in {'cost_per_egg': 2.68, 'hen_count': 1, 'hen_ranking': [{'age_days': None, 'eggs': 6, 'id': '115f6de6-fa07-4bb2-b57c-5df773fa3092', 'lifecycle': None, ...}], 'is_premium': False, ...}">tests/test_stripe_and_auth.py:268: in test_insights_default_user_anonymous
    assert "premium" in data, "Response should contain premium section"
E   AssertionError: Response should contain premium section
E   assert 'premium' in {'cost_per_egg': 2.68, 'hen_count': 1, 'hen_ranking': [{'age_days': None, 'eggs': 6, 'id': '115f6de6-fa07-4bb2-b57c-5df773fa3092', 'lifecycle': None, ...}], 'is_premium': False, ...}</failure></testcase></testsuite></testsuites>